<?xml version="1.0" encoding="UTF-8"?>
<!-- Generated by org.testng.reporters.JUnitReportReporter -->
<testsuite hostname="bage-PC" name="com.testsystem.eg.R" tests="1" failures="0" timestamp="15 Nov 2020 10:40:01 GMT" time="0.399" errors="0">
  <testcase name="sdf" time="0.399" classname="com.testsystem.eg.R"/>
</testsuite> <!-- com.testsystem.eg.R -->
