<?xml version="1.0" encoding="UTF-8"?>
<!-- Generated by org.testng.reporters.JUnitReportReporter -->
<testsuite hostname="bage-PC" name="com.testsystem.eg.GetD" tests="1" failures="0" timestamp="19 Mar 2020 06:21:32 GMT" time="0.020" errors="0">
  <testcase name="Ed" time="0.020" classname="com.testsystem.eg.GetD"/>
</testsuite> <!-- com.testsystem.eg.GetD -->
